{"numFailedTestSuites":0,"numFailedTests":0,"numPassedTestSuites":1,"numPassedTests":3,"numPendingTestSuites":0,"numPendingTests":0,"numRuntimeErrorTestSuites":0,"numTodoTests":0,"numTotalTestSuites":1,"numTotalTests":3,"openHandles":[],"snapshot":{"added":0,"didUpdate":false,"failure":false,"filesAdded":0,"filesRemoved":0,"filesRemovedList":[],"filesUnmatched":0,"filesUpdated":0,"matched":0,"total":0,"unchecked":0,"uncheckedKeysByFile":[],"unmatched":0,"updated":0},"startTime":1778683005262,"success":true,"testResults":[{"assertionResults":[{"ancestorTitles":["Users API"],"duration":23,"failing":false,"failureDetails":[],"failureMessages":[],"fullName":"Users API GET /users returns empty list initially","invocations":1,"location":null,"numPassingAsserts":2,"retryReasons":[],"startAt":1778683005576,"status":"passed","title":"GET /users returns empty list initially"},{"ancestorTitles":["Users API"],"duration":13,"failing":false,"failureDetails":[],"failureMessages":[],"fullName":"Users API POST /users creates a user and returns it","invocations":1,"location":null,"numPassingAsserts":2,"retryReasons":[],"startAt":1778683005600,"status":"passed","title":"POST /users creates a user and returns it"},{"ancestorTitles":["Users API"],"duration":8,"failing":false,"failureDetails":[],"failureMessages":[],"fullName":"Users API GET /users/:id returns created user","invocations":1,"location":null,"numPassingAsserts":2,"retryReasons":[],"startAt":1778683005614,"status":"passed","title":"GET /users/:id returns created user"}],"endTime":1778683005623,"message":"","name":"D:\\projects\\tester\\tests\\users.test.js","startTime":1778683005304,"status":"passed","summary":""}],"wasInterrupted":false}
